#-----------------------------------------------------------
# Vivado v2018.3 (64-bit)
# SW Build 2405991 on Thu Dec  6 23:38:27 MST 2018
# IP Build 2404404 on Fri Dec  7 01:43:56 MST 2018
# Start of session at: Fri May 22 23:50:29 2020
# Process ID: 15288
# Current directory: C:/ArchLabs/CS145-ArchLabs/lab04
# Command line: vivado.exe -gui_launcher_event rodinguilauncherevent13324 C:\ArchLabs\CS145-ArchLabs\lab04\lab04.xpr
# Log file: C:/ArchLabs/CS145-ArchLabs/lab04/vivado.log
# Journal file: C:/ArchLabs/CS145-ArchLabs/lab04\vivado.jou
#-----------------------------------------------------------
start_gui
open_project C:/ArchLabs/CS145-ArchLabs/lab04/lab04.xpr
Scanning sources...
Finished scanning sources
INFO: [IP_Flow 19-234] Refreshing IP repositories
INFO: [IP_Flow 19-1704] No user IP repositories specified
INFO: [IP_Flow 19-2313] Loaded Vivado IP repository 'C:/Xilinx/Vivado/2018.3/data/ip'.
open_project: Time (s): cpu = 00:00:12 ; elapsed = 00:00:06 . Memory (MB): peak = 727.891 ; gain = 127.539
update_compile_order -fileset sources_1
set_property top dataMemory [current_fileset]
update_compile_order -fileset sources_1
set_property top dataMemory_tb [get_filesets sim_1]
set_property top_lib xil_defaultlib [get_filesets sim_1]
update_compile_order -fileset sim_1
launch_simulation
INFO: [Vivado 12-5682] Launching behavioral simulation in 'C:/ArchLabs/CS145-ArchLabs/lab04/lab04.sim/sim_1/behav/xsim'
INFO: [SIM-utils-51] Simulation object is 'sim_1'
INFO: [SIM-utils-54] Inspecting design source files for 'dataMemory_tb' in fileset 'sim_1'...
INFO: [USF-XSim-97] Finding global include files...
INFO: [USF-XSim-98] Fetching design files from 'sim_1'...
INFO: [USF-XSim-2] XSim::Compile design
INFO: [USF-XSim-61] Executing 'COMPILE and ANALYZE' step in 'C:/ArchLabs/CS145-ArchLabs/lab04/lab04.sim/sim_1/behav/xsim'
"xvlog --incr --relax -prj dataMemory_tb_vlog.prj"
INFO: [VRFC 10-2263] Analyzing Verilog file "C:/ArchLabs/CS145-ArchLabs/lab04/lab04.srcs/sources_1/new/dataMemory.v" into library xil_defaultlib
INFO: [VRFC 10-311] analyzing module dataMemory
INFO: [VRFC 10-2263] Analyzing Verilog file "C:/ArchLabs/CS145-ArchLabs/lab04/lab04.srcs/sim_1/new/dataMemory_tb.v" into library xil_defaultlib
INFO: [VRFC 10-311] analyzing module dataMemory_tb
INFO: [USF-XSim-69] 'compile' step finished in '1' seconds
INFO: [USF-XSim-3] XSim::Elaborate design
INFO: [USF-XSim-61] Executing 'ELABORATE' step in 'C:/ArchLabs/CS145-ArchLabs/lab04/lab04.sim/sim_1/behav/xsim'
Vivado Simulator 2018.3
Copyright 1986-1999, 2001-2018 Xilinx, Inc. All Rights Reserved.
Running: C:/Xilinx/Vivado/2018.3/bin/unwrapped/win64.o/xelab.exe -wto 11c0bf8bebe6496fb6d068f3f714a180 --incr --debug typical --relax --mt 2 -L xil_defaultlib -L unisims_ver -L unimacro_ver -L secureip --snapshot dataMemory_tb_behav xil_defaultlib.dataMemory_tb xil_defaultlib.glbl -log elaborate.log 
Using 2 slave threads.
Starting static elaboration
Completed static elaboration
Starting simulation data flow analysis
Completed simulation data flow analysis
Time Resolution for simulation is 1ps
Compiling module xil_defaultlib.dataMemory
Compiling module xil_defaultlib.dataMemory_tb
Compiling module xil_defaultlib.glbl
Built simulation snapshot dataMemory_tb_behav
INFO: [USF-XSim-69] 'elaborate' step finished in '1' seconds
INFO: [USF-XSim-4] XSim::Simulate design
INFO: [USF-XSim-61] Executing 'SIMULATE' step in 'C:/ArchLabs/CS145-ArchLabs/lab04/lab04.sim/sim_1/behav/xsim'
INFO: [USF-XSim-98] *** Running xsim
   with args "dataMemory_tb_behav -key {Behavioral:sim_1:Functional:dataMemory_tb} -tclbatch {dataMemory_tb.tcl} -log {simulate.log}"
INFO: [USF-XSim-8] Loading simulator feature
Vivado Simulator 2018.3
Time resolution is 1 ps
source dataMemory_tb.tcl
# set curr_wave [current_wave_config]
# if { [string length $curr_wave] == 0 } {
#   if { [llength [get_objects]] > 0} {
#     add_wave /
#     set_property needs_save false [current_wave_config]
#   } else {
#      send_msg_id Add_Wave-1 WARNING "No top level signals found. Simulator will start without a wave window. If you want to open a wave window go to 'File->New Waveform Configuration' or type 'create_wave_config' in the TCL console."
#   }
# }
# run 1000ns
INFO: [USF-XSim-96] XSim completed. Design snapshot 'dataMemory_tb_behav' loaded.
INFO: [USF-XSim-97] XSim simulation ran for 1000ns
launch_simulation: Time (s): cpu = 00:00:07 ; elapsed = 00:00:07 . Memory (MB): peak = 781.488 ; gain = 0.000
close_sim
INFO: [Simtcl 6-16] Simulation closed
exit
INFO: [Common 17-206] Exiting Vivado at Fri May 22 23:52:15 2020...
