#-----------------------------------------------------------
# Vivado v2018.3 (64-bit)
# SW Build 2405991 on Thu Dec  6 23:38:27 MST 2018
# IP Build 2404404 on Fri Dec  7 01:43:56 MST 2018
# Start of session at: Sat May 23 00:06:51 2020
# Process ID: 6324
# Current directory: C:/ArchLabs/CS145-ArchLabs/lab04
# Command line: vivado.exe -gui_launcher_event rodinguilauncherevent9784 C:\ArchLabs\CS145-ArchLabs\lab04\lab04.xpr
# Log file: C:/ArchLabs/CS145-ArchLabs/lab04/vivado.log
# Journal file: C:/ArchLabs/CS145-ArchLabs/lab04\vivado.jou
#-----------------------------------------------------------
start_gui
open_project C:/ArchLabs/CS145-ArchLabs/lab04/lab04.xpr
Scanning sources...
Finished scanning sources
INFO: [IP_Flow 19-234] Refreshing IP repositories
INFO: [IP_Flow 19-1704] No user IP repositories specified
INFO: [IP_Flow 19-2313] Loaded Vivado IP repository 'C:/Xilinx/Vivado/2018.3/data/ip'.
open_project: Time (s): cpu = 00:00:13 ; elapsed = 00:00:06 . Memory (MB): peak = 723.605 ; gain = 119.926
exit
INFO: [Common 17-206] Exiting Vivado at Sat May 23 00:07:14 2020...
