#-----------------------------------------------------------
# Vivado v2018.3 (64-bit)
# SW Build 2405991 on Thu Dec  6 23:38:27 MST 2018
# IP Build 2404404 on Fri Dec  7 01:43:56 MST 2018
# Start of session at: Sun May 24 13:09:09 2020
# Process ID: 9552
# Current directory: C:/ArchLabs/CS145-ArchLabs/lab06
# Command line: vivado.exe -gui_launcher_event rodinguilauncherevent10848 C:\ArchLabs\CS145-ArchLabs\lab06\lab06.xpr
# Log file: C:/ArchLabs/CS145-ArchLabs/lab06/vivado.log
# Journal file: C:/ArchLabs/CS145-ArchLabs/lab06\vivado.jou
#-----------------------------------------------------------
start_gui
open_project C:/ArchLabs/CS145-ArchLabs/lab06/lab06.xpr
Scanning sources...
Finished scanning sources
INFO: [IP_Flow 19-234] Refreshing IP repositories
INFO: [IP_Flow 19-1704] No user IP repositories specified
INFO: [IP_Flow 19-2313] Loaded Vivado IP repository 'C:/Xilinx/Vivado/2018.3/data/ip'.
open_project: Time (s): cpu = 00:00:12 ; elapsed = 00:00:06 . Memory (MB): peak = 718.715 ; gain = 122.223
update_compile_order -fileset sources_1
update_compile_order -fileset sources_1
update_compile_order -fileset sources_1
exit
INFO: [Common 17-206] Exiting Vivado at Sun May 24 14:35:36 2020...
